<?xml version="1.0" encoding="UTF-8"?>
<testng-results ignored="0" total="1" passed="1" failed="0" skipped="0">
  <reporter-output>
  </reporter-output>
  <suite started-at="2026-04-24T12:50:49 IST" name="Surefire suite" finished-at="2026-04-24T12:50:59 IST" duration-ms="9740">
    <groups>
      <group name="cucumber">
        <method signature="AbstractTestNGCucumberTests.runScenario(io.cucumber.testng.PickleWrapper,io.cucumber.testng.FeatureWrapper)[pri:0, instance:runner.CapstoneRunnerTest@7a69b07]" name="runScenario" class="io.cucumber.testng.AbstractTestNGCucumberTests"/>
      </group> <!-- cucumber -->
    </groups>
    <test started-at="2026-04-24T12:50:49 IST" name="Surefire test" finished-at="2026-04-24T12:50:59 IST" duration-ms="9740">
      <class name="runner.CapstoneRunnerTest">
        <test-method is-config="true" signature="setUpClass(org.testng.ITestContext)[pri:0, instance:runner.CapstoneRunnerTest@7a69b07]" started-at="2026-04-24T12:50:49 IST" name="setUpClass" finished-at="2026-04-24T12:50:49 IST" duration-ms="360" status="PASS">
          <params>
            <param index="0">
              <value>
                <![CDATA[org.testng.TestRunner@67d5ac2f]]>
              </value>
            </param>
          </params>
          <reporter-output>
          </reporter-output>
        </test-method> <!-- setUpClass -->
        <test-method signature="runScenario(io.cucumber.testng.PickleWrapper,io.cucumber.testng.FeatureWrapper)[pri:0, instance:runner.CapstoneRunnerTest@7a69b07]" started-at="2026-04-24T12:50:49 IST" name="runScenario" description="Runs Cucumber Scenarios" data-provider="scenarios" finished-at="2026-04-24T12:50:59 IST" duration-ms="9349" status="PASS">
          <params>
            <param index="0">
              <value>
                <![CDATA["Enterprise E2E validation combining UI, API, Data, and Performance"]]>
              </value>
            </param>
            <param index="1">
              <value>
                <![CDATA["Capstone Omni-Channel Validation Engine"]]>
              </value>
            </param>
          </params>
          <reporter-output>
          </reporter-output>
        </test-method> <!-- runScenario -->
        <test-method is-config="true" signature="tearDownClass()[pri:0, instance:runner.CapstoneRunnerTest@7a69b07]" started-at="2026-04-24T12:50:59 IST" name="tearDownClass" finished-at="2026-04-24T12:50:59 IST" duration-ms="1" status="PASS">
          <reporter-output>
          </reporter-output>
        </test-method> <!-- tearDownClass -->
      </class> <!-- runner.CapstoneRunnerTest -->
    </test> <!-- Surefire test -->
  </suite> <!-- Surefire suite -->
</testng-results>
